# JRE version: OpenJDK Runtime Environment (11.0.10) (build 11.0.10+0-b96-7249189)
# Java VM: OpenJDK 64-Bit Server VM (11.0.10+0-b96-7249189, mixed mode, tiered, compressed oops, g1 gc, linux-amd64)
Heap:
 garbage-first heap   total 340992K, used 79404K [0x0000000080000000, 0x0000000100000000)
  region size 1024K, 21 young (21504K), 15 survivors (15360K)
 Metaspace       used 58621K, capacity 60328K, committed 60492K, reserved 1101824K
  class space    used 7441K, capacity 8011K, committed 8064K, reserved 1048576K
GC Heap History (14 events):
Event: 0.626 GC heap before
{Heap before GC invocations=0 (full 0):
 garbage-first heap   total 256000K, used 29696K [0x0000000080000000, 0x0000000100000000)
  region size 1024K, 24 young (24576K), 0 survivors (0K)
 Metaspace       used 9662K, capacity 9938K, committed 10112K, reserved 1058816K
  class space    used 1009K, capacity 1102K, committed 1152K, reserved 1048576K
}
Event: 0.673 GC heap after
{Heap after GC invocations=1 (full 0):
 garbage-first heap   total 256000K, used 8835K [0x0000000080000000, 0x0000000100000000)
  region size 1024K, 3 young (3072K), 3 survivors (3072K)
 Metaspace       used 9662K, capacity 9938K, committed 10112K, reserved 1058816K
  class space    used 1009K, capacity 1102K, committed 1152K, reserved 1048576K
}
Event: 1.885 GC heap before
{Heap before GC invocations=1 (full 0):
 garbage-first heap   total 256000K, used 104067K [0x0000000080000000, 0x0000000100000000)
  region size 1024K, 97 young (99328K), 3 survivors (3072K)
 Metaspace       used 20536K, capacity 21046K, committed 21248K, reserved 1067008K
  class space    used 2524K, capacity 2701K, committed 2816K, reserved 1048576K
}
Event: 1.900 GC heap after
{Heap after GC invocations=2 (full 0):
 garbage-first heap   total 256000K, used 16655K [0x0000000080000000, 0x0000000100000000)
  region size 1024K, 11 young (11264K), 11 survivors (11264K)
 Metaspace       used 20536K, capacity 21046K, committed 21248K, reserved 1067008K
  class space    used 2524K, capacity 2701K, committed 2816K, reserved 1048576K
}
Event: 2.482 GC heap before
{Heap before GC invocations=3 (full 0):
 garbage-first heap   total 256000K, used 83215K [0x0000000080000000, 0x0000000100000000)
  region size 1024K, 67 young (68608K), 11 survivors (11264K)
 Metaspace       used 26049K, capacity 26707K, committed 27008K, reserved 1073152K
  class space    used 3434K, capacity 3694K, committed 3712K, reserved 1048576K
}
Event: 2.501 GC heap after
{Heap after GC invocations=4 (full 0):
 garbage-first heap   total 256000K, used 31026K [0x0000000080000000, 0x0000000100000000)
  region size 1024K, 5 young (5120K), 5 survivors (5120K)
 Metaspace       used 26049K, capacity 26707K, committed 27008K, reserved 1073152K
  class space    used 3434K, capacity 3694K, committed 3712K, reserved 1048576K
}
Event: 3.193 GC heap before
{Heap before GC invocations=4 (full 0):
 garbage-first heap   total 256000K, used 87346K [0x0000000080000000, 0x0000000100000000)
  region size 1024K, 61 young (62464K), 5 survivors (5120K)
 Metaspace       used 34656K, capacity 35567K, committed 35840K, reserved 1081344K
  class space    used 4547K, capacity 4880K, committed 4992K, reserved 1048576K
}
Event: 3.203 GC heap after
{Heap after GC invocations=5 (full 0):
 garbage-first heap   total 256000K, used 34443K [0x0000000080000000, 0x0000000100000000)
  region size 1024K, 8 young (8192K), 8 survivors (8192K)
 Metaspace       used 34656K, capacity 35567K, committed 35840K, reserved 1081344K
  class space    used 4547K, capacity 4880K, committed 4992K, reserved 1048576K
}
Event: 3.982 GC heap before
{Heap before GC invocations=6 (full 0):
 garbage-first heap   total 256000K, used 145035K [0x0000000080000000, 0x0000000100000000)
  region size 1024K, 106 young (108544K), 8 survivors (8192K)
 Metaspace       used 42507K, capacity 43753K, committed 44160K, reserved 1087488K
  class space    used 5469K, capacity 5895K, committed 6016K, reserved 1048576K
}
Event: 3.996 GC heap after
{Heap after GC invocations=7 (full 0):
 garbage-first heap   total 256000K, used 52104K [0x0000000080000000, 0x0000000100000000)
  region size 1024K, 13 young (13312K), 13 survivors (13312K)
 Metaspace       used 42507K, capacity 43753K, committed 44160K, reserved 1087488K
  class space    used 5469K, capacity 5895K, committed 6016K, reserved 1048576K
}
Event: 4.797 GC heap before
{Heap before GC invocations=7 (full 0):
 garbage-first heap   total 256000K, used 161672K [0x0000000080000000, 0x0000000100000000)
  region size 1024K, 119 young (121856K), 13 survivors (13312K)
 Metaspace       used 48967K, capacity 50506K, committed 50688K, reserved 1093632K
  class space    used 6286K, capacity 6793K, committed 6912K, reserved 1048576K
}
Event: 4.817 GC heap after
{Heap after GC invocations=8 (full 0):
 garbage-first heap   total 340992K, used 57510K [0x0000000080000000, 0x0000000100000000)
  region size 1024K, 7 young (7168K), 7 survivors (7168K)
 Metaspace       used 48967K, capacity 50506K, committed 50688K, reserved 1093632K
  class space    used 6286K, capacity 6793K, committed 6912K, reserved 1048576K
}
Event: 5.885 GC heap before
{Heap before GC invocations=8 (full 0):
 garbage-first heap   total 340992K, used 140454K [0x0000000080000000, 0x0000000100000000)
  region size 1024K, 82 young (83968K), 7 survivors (7168K)
 Metaspace       used 58232K, capacity 59974K, committed 60160K, reserved 1101824K
  class space    used 7372K, capacity 7935K, committed 7936K, reserved 1048576K
}
Event: 5.900 GC heap after
{Heap after GC invocations=9 (full 0):
 garbage-first heap   total 340992K, used 74284K [0x0000000080000000, 0x0000000100000000)
  region size 1024K, 15 young (15360K), 15 survivors (15360K)
 Metaspace       used 58232K, capacity 59974K, committed 60160K, reserved 1101824K
  class space    used 7372K, capacity 7935K, committed 7936K, reserved 1048576K
}

